0 verbose cli /layers/heroku_nodejs-engine/nodejs/bin/node /layers/heroku_nodejs-engine/nodejs/bin/npm
1 info using npm@8.15.0
2 info using node@v16.17.0
3 timing npm:load:whichnode Completed in 0ms
4 timing config:load:defaults Completed in 3ms
5 timing config:load:file:/layers/heroku_nodejs-engine/nodejs/lib/node_modules/npm/npmrc Completed in 5ms
6 timing config:load:builtin Completed in 6ms
7 timing config:load:cli Completed in 2ms
8 timing config:load:env Completed in 1ms
9 timing config:load:project Completed in 11ms
10 timing config:load:file:/workspace/.npmrc Completed in 1ms
11 timing config:load:user Completed in 1ms
12 timing config:load:file:/layers/heroku_nodejs-engine/nodejs/etc/npmrc Completed in 0ms
13 timing config:load:global Completed in 0ms
14 timing config:load:validate Completed in 0ms
15 timing config:load:credentials Completed in 2ms
16 timing config:load:setEnvs Completed in 2ms
17 timing config:load Completed in 30ms
18 timing npm:load:configload Completed in 30ms
19 timing npm:load:mkdirpcache Completed in 2ms
20 timing npm:load:mkdirplogs Completed in 2ms
21 verbose title npm start
22 verbose argv "start"
23 timing npm:load:setTitle Completed in 2ms
24 timing config:load:flatten Completed in 6ms
25 timing npm:load:display Completed in 7ms
26 verbose logfile logs-max:10 dir:/workspace/.npm/_logs
27 verbose logfile /workspace/.npm/_logs/2024-03-18T20_28_37_726Z-debug-0.log
28 timing npm:load:logFile Completed in 10ms
29 timing npm:load:timers Completed in 0ms
30 timing npm:load:configScope Completed in 0ms
31 timing npm:load Completed in 65ms
32 silly logfile done cleaning log files
33 http fetch GET 200 https://registry.npmjs.org/npm 714ms (cache miss)
34 http fetch GET 200 https://registry.npmjs.org/npm 810ms (cache miss)
